TN:
SF:src/server.ts
FN:26,(anonymous_0)
FN:40,(anonymous_1)
FN:46,(anonymous_2)
FN:63,visit
FN:81,(anonymous_4)
FN:86,(anonymous_5)
FN:90,(anonymous_6)
FN:94,validateTextDocument
FN:107,visit
FNF:9
FNH:0
FNDA:0,(anonymous_0)
FNDA:0,(anonymous_1)
FNDA:0,(anonymous_2)
FNDA:0,visit
FNDA:0,(anonymous_4)
FNDA:0,(anonymous_5)
FNDA:0,(anonymous_6)
FNDA:0,validateTextDocument
FNDA:0,visit
DA:1,0
DA:13,0
DA:14,0
DA:16,0
DA:17,0
DA:19,0
DA:21,0
DA:23,0
DA:24,0
DA:26,0
DA:27,0
DA:37,0
DA:40,0
DA:41,0
DA:42,0
DA:45,0
DA:47,0
DA:48,0
DA:49,0
DA:52,0
DA:53,0
DA:60,0
DA:61,0
DA:63,0
DA:64,0
DA:66,0
DA:67,0
DA:68,0
DA:69,0
DA:73,0
DA:76,0
DA:80,0
DA:82,0
DA:86,0
DA:87,0
DA:90,0
DA:91,0
DA:95,0
DA:96,0
DA:98,0
DA:105,0
DA:107,0
DA:108,0
DA:110,0
DA:111,0
DA:112,0
DA:116,0
DA:119,0
DA:122,0
DA:124,0
LF:50
LH:0
BRDA:48,0,0,0
BRDA:64,1,0,0
BRDA:64,1,1,0
BRDA:67,2,0,0
BRDA:108,3,0,0
BRDA:108,3,1,0
BRDA:111,4,0,0
BRF:7
BRH:0
end_of_record
TN:
SF:src/features/ajaxFeature.ts
FN:35,(anonymous_0)
FN:47,(anonymous_1)
FN:74,(anonymous_2)
FN:113,(anonymous_3)
FN:131,(anonymous_4)
FN:154,(anonymous_5)
FN:222,(anonymous_6)
FN:225,(anonymous_7)
FN:226,(anonymous_8)
FN:276,(anonymous_9)
FN:347,(anonymous_10)
FN:352,(anonymous_11)
FNF:12
FNH:7
FNDA:0,(anonymous_0)
FNDA:16,(anonymous_1)
FNDA:2,(anonymous_2)
FNDA:2,(anonymous_3)
FNDA:2,(anonymous_4)
FNDA:0,(anonymous_5)
FNDA:0,(anonymous_6)
FNDA:0,(anonymous_7)
FNDA:0,(anonymous_8)
FNDA:2,(anonymous_9)
FNDA:1,(anonymous_10)
FNDA:1,(anonymous_11)
DA:1,1
DA:2,1
DA:15,1
DA:16,1
DA:28,1
DA:37,0
DA:48,16
DA:49,4
DA:50,4
DA:51,4
DA:52,4
DA:59,4
DA:63,12
DA:76,2
DA:78,2
DA:82,2
DA:83,2
DA:89,2
DA:90,3
DA:91,3
DA:92,2
DA:93,1
DA:94,1
DA:100,2
DA:101,3
DA:102,3
DA:103,3
DA:106,3
DA:107,3
DA:108,3
DA:111,3
DA:112,2
DA:113,2
DA:119,1
DA:120,1
DA:121,1
DA:122,1
DA:123,1
DA:124,1
DA:125,1
DA:126,2
DA:127,2
DA:131,2
DA:142,0
DA:143,0
DA:144,0
DA:147,0
DA:148,0
DA:149,0
DA:151,0
DA:152,0
DA:153,0
DA:154,0
DA:155,0
DA:156,0
DA:157,0
DA:158,0
DA:159,0
DA:162,0
DA:164,0
DA:165,0
DA:166,0
DA:167,0
DA:168,0
DA:169,0
DA:171,0
DA:172,0
DA:175,0
DA:184,0
DA:185,0
DA:189,0
DA:191,0
DA:192,0
DA:196,0
DA:201,0
DA:205,0
DA:207,0
DA:218,0
DA:219,0
DA:221,0
DA:222,0
DA:223,0
DA:224,0
DA:225,0
DA:227,0
DA:231,0
DA:232,0
DA:233,0
DA:234,0
DA:235,0
DA:236,0
DA:237,0
DA:238,0
DA:239,0
DA:240,0
DA:241,0
DA:242,0
DA:243,0
DA:245,0
DA:246,0
DA:247,0
DA:251,0
DA:252,0
DA:255,0
DA:266,0
DA:277,2
DA:278,2
DA:284,2
DA:286,2
DA:287,5
DA:288,5
DA:289,5
DA:291,5
DA:292,0
DA:302,5
DA:304,5
DA:305,2
DA:306,3
DA:307,2
DA:308,1
DA:309,1
DA:316,2
DA:317,2
DA:318,2
DA:320,2
DA:321,1
DA:325,1
DA:331,1
DA:332,1
DA:333,1
DA:334,0
DA:338,0
DA:344,1
DA:345,1
DA:346,1
DA:347,1
DA:349,1
DA:350,1
DA:351,1
DA:352,1
DA:355,1
DA:356,2
DA:357,2
DA:361,2
DA:371,1
DA:372,1
DA:373,1
DA:374,1
DA:375,0
DA:379,0
DA:387,1
DA:388,1
DA:389,1
DA:390,1
DA:391,0
LF:155
LH:86
BRDA:48,0,0,4
BRDA:50,1,0,4
BRDA:52,2,0,4
BRDA:53,3,0,4
BRDA:53,3,1,4
BRDA:53,3,2,0
BRDA:53,3,3,4
BRDA:53,3,4,4
BRDA:59,4,0,4
BRDA:59,4,1,4
BRDA:90,5,0,3
BRDA:90,6,0,3
BRDA:90,6,1,3
BRDA:91,7,0,2
BRDA:91,7,1,1
BRDA:91,8,0,3
BRDA:91,8,1,2
BRDA:93,9,0,1
BRDA:93,10,0,1
BRDA:93,10,1,0
BRDA:93,10,2,1
BRDA:101,11,0,3
BRDA:102,12,0,3
BRDA:106,13,0,3
BRDA:106,13,1,0
BRDA:111,14,0,2
BRDA:111,15,0,3
BRDA:111,15,1,3
BRDA:112,16,0,1
BRDA:112,16,1,1
BRDA:119,17,0,1
BRDA:119,18,0,1
BRDA:119,18,1,0
BRDA:120,19,0,1
BRDA:123,20,0,1
BRDA:126,21,0,2
BRDA:126,22,0,2
BRDA:126,22,1,2
BRDA:142,23,0,0
BRDA:147,24,0,0
BRDA:147,25,0,0
BRDA:147,25,1,0
BRDA:148,26,0,0
BRDA:148,27,0,0
BRDA:148,27,1,0
BRDA:148,27,2,0
BRDA:151,28,0,0
BRDA:153,29,0,0
BRDA:155,30,0,0
BRDA:162,31,0,0
BRDA:162,31,1,0
BRDA:164,32,0,0
BRDA:164,32,1,0
BRDA:164,33,0,0
BRDA:164,33,1,0
BRDA:167,34,0,0
BRDA:167,34,1,0
BRDA:167,35,0,0
BRDA:167,35,1,0
BRDA:171,36,0,0
BRDA:171,36,1,0
BRDA:172,37,0,0
BRDA:172,37,1,0
BRDA:191,38,0,0
BRDA:191,38,1,0
BRDA:221,39,0,0
BRDA:221,40,0,0
BRDA:221,40,1,0
BRDA:231,41,0,0
BRDA:231,41,1,0
BRDA:235,42,0,0
BRDA:235,42,1,0
BRDA:235,43,0,0
BRDA:235,43,1,0
BRDA:239,44,0,0
BRDA:239,44,1,0
BRDA:243,45,0,0
BRDA:243,45,1,0
BRDA:243,46,0,0
BRDA:243,46,1,0
BRDA:243,46,2,0
BRDA:287,47,0,5
BRDA:288,48,0,5
BRDA:291,49,0,0
BRDA:304,50,0,2
BRDA:304,50,1,3
BRDA:304,51,0,5
BRDA:304,51,1,2
BRDA:306,52,0,2
BRDA:306,52,1,1
BRDA:306,53,0,3
BRDA:306,53,1,1
BRDA:306,53,2,2
BRDA:308,54,0,1
BRDA:308,55,0,1
BRDA:308,55,1,1
BRDA:316,56,0,2
BRDA:320,57,0,1
BRDA:320,57,1,1
BRDA:331,58,0,1
BRDA:333,59,0,0
BRDA:333,59,1,1
BRDA:344,60,0,1
BRDA:344,61,0,1
BRDA:344,61,1,1
BRDA:346,62,0,1
BRDA:349,63,0,1
BRDA:350,64,0,1
BRDA:350,64,1,0
BRDA:356,65,0,2
BRDA:372,66,0,1
BRDA:372,67,0,1
BRDA:372,67,1,1
BRDA:374,68,0,0
BRDA:374,68,1,1
BRDA:389,69,0,1
BRDA:389,70,0,1
BRDA:389,70,1,1
BRDA:389,70,2,1
BRDA:390,71,0,0
BRDA:390,72,0,1
BRDA:390,72,1,1
BRF:122
BRH:70
end_of_record
TN:
SF:src/features/feature.ts
FN:22,(anonymous_0)
FN:29,(anonymous_1)
FN:35,(anonymous_2)
FN:36,(anonymous_3)
FN:39,(anonymous_4)
FN:40,(anonymous_5)
FN:43,(anonymous_6)
FN:63,(anonymous_7)
FNF:8
FNH:0
FNDA:0,(anonymous_0)
FNDA:0,(anonymous_1)
FNDA:0,(anonymous_2)
FNDA:0,(anonymous_3)
FNDA:0,(anonymous_4)
FNDA:0,(anonymous_5)
FNDA:0,(anonymous_6)
FNDA:0,(anonymous_7)
DA:22,0
DA:23,0
DA:26,0
DA:27,0
DA:30,0
DA:31,0
DA:32,0
DA:36,0
DA:40,0
DA:44,0
DA:45,0
DA:46,0
DA:48,0
DA:49,0
DA:51,0
DA:52,0
DA:53,0
DA:55,0
DA:60,0
DA:64,0
DA:65,0
DA:66,0
DA:68,0
DA:69,0
DA:71,0
DA:72,0
DA:73,0
DA:75,0
DA:80,0
LF:29
LH:0
BRDA:44,0,0,0
BRDA:52,1,0,0
BRDA:64,2,0,0
BRDA:72,3,0,0
BRF:4
BRH:0
end_of_record
TN:
SF:src/utils/utils.ts
FN:15,getDefaultValue
FN:35,generateDataSnippet
FN:81,getMatchingSwaggerUrl
FN:83,(anonymous_3)
FN:88,(anonymous_4)
FN:131,getNodeType
FNF:6
FNH:0
FNDA:0,getDefaultValue
FNDA:0,generateDataSnippet
FNDA:0,getMatchingSwaggerUrl
FNDA:0,(anonymous_3)
FNDA:0,(anonymous_4)
FNDA:0,getNodeType
DA:6,0
DA:7,0
DA:15,0
DA:16,0
DA:17,0
DA:19,0
DA:20,0
DA:21,0
DA:22,0
DA:23,0
DA:35,0
DA:36,0
DA:37,0
DA:38,0
DA:39,0
DA:40,0
DA:41,0
DA:42,0
DA:43,0
DA:44,0
DA:45,0
DA:46,0
DA:47,0
DA:49,0
DA:50,0
DA:52,0
DA:54,0
DA:56,0
DA:57,0
DA:58,0
DA:61,0
DA:64,0
DA:65,0
DA:66,0
DA:67,0
DA:68,0
DA:71,0
DA:81,0
DA:83,0
DA:86,0
DA:88,0
DA:91,0
DA:92,0
DA:95,0
DA:97,0
DA:99,0
DA:102,0
DA:103,0
DA:104,0
DA:108,0
DA:109,0
DA:110,0
DA:116,0
DA:117,0
DA:121,0
DA:131,0
DA:132,0
DA:133,0
DA:134,0
DA:135,0
DA:137,0
DA:138,0
DA:139,0
DA:140,0
DA:141,0
DA:142,0
DA:143,0
DA:145,0
LF:68
LH:0
BRDA:16,0,0,0
BRDA:16,0,1,0
BRDA:16,0,2,0
BRDA:16,0,3,0
BRDA:16,0,4,0
BRDA:16,0,5,0
BRDA:16,0,6,0
BRDA:35,1,0,0
BRDA:35,2,0,0
BRDA:36,3,0,0
BRDA:36,4,0,0
BRDA:36,4,1,0
BRDA:38,5,0,0
BRDA:38,5,1,0
BRDA:44,6,0,0
BRDA:44,6,1,0
BRDA:44,7,0,0
BRDA:44,7,1,0
BRDA:46,8,0,0
BRDA:46,8,1,0
BRDA:46,9,0,0
BRDA:46,9,1,0
BRDA:52,10,0,0
BRDA:52,10,1,0
BRDA:54,11,0,0
BRDA:54,11,1,0
BRDA:57,12,0,0
BRDA:57,12,1,0
BRDA:61,13,0,0
BRDA:61,14,0,0
BRDA:61,14,1,0
BRDA:64,15,0,0
BRDA:64,15,1,0
BRDA:65,16,0,0
BRDA:65,16,1,0
BRDA:67,17,0,0
BRDA:67,17,1,0
BRDA:71,18,0,0
BRDA:71,18,1,0
BRDA:91,19,0,0
BRDA:99,20,0,0
BRDA:99,20,1,0
BRDA:99,21,0,0
BRDA:99,21,1,0
BRDA:102,22,0,0
BRDA:108,23,0,0
BRDA:116,24,0,0
BRDA:132,25,0,0
BRDA:132,25,1,0
BRDA:134,26,0,0
BRDA:134,26,1,0
BRDA:137,27,0,0
BRDA:137,27,1,0
BRDA:138,28,0,0
BRDA:138,28,1,0
BRDA:138,29,0,0
BRDA:138,29,1,0
BRDA:140,30,0,0
BRDA:140,30,1,0
BRDA:142,31,0,0
BRF:60
BRH:0
end_of_record
